<?xml version="1.0" encoding="UTF-8"?>
<!-- Generated by org.testng.reporters.JUnitReportReporter -->
<testsuite hostname="DESKTOP-30N8MJ8" failures="0" tests="1" name="rahulShettyAcademy.ExtendReports.ExtentReportDemo" time="62.226" errors="0" timestamp="02 Dec 2022 17:33:29 GMT" skipped="0">
  <testcase classname="rahulShettyAcademy.ExtendReports.ExtentReportDemo" name="initialDemo" time="62.226"/>
</testsuite> <!-- rahulShettyAcademy.ExtendReports.ExtentReportDemo -->
